<?xml version="1.0" encoding="UTF-8"?>
<testsuite xmlns:xsi="http://www.w3.org/2001/XMLSchema-instance" xsi:noNamespaceSchemaLocation="https://maven.apache.org/surefire/maven-surefire-plugin/xsd/surefire-test-report.xsd" name="com.driver.test.TestCases" time="0.147" tests="5" errors="2" skipped="0" failures="0">
  <properties>
[...]
</properties>
  <testcase name="testF11" classname="com.driver.test.TestCases" time="0.106"/>
  <testcase name="testF12" classname="com.driver.test.TestCases" time="0.001"/>
  <testcase name="testCar1" classname="com.driver.test.TestCases" time="0.022">
    <error message="&apos;void com.driver.Car.&lt;init&gt;(java.lang.String, int, int, int, boolean, java.lang.String)&apos;" type="java.lang.NoSuchMethodError"><![CDATA[java.lang.NoSuchMethodError: 'void com.driver.Car.<init>(java.lang.String, int, int, int, boolean, java.lang.String)'
	at com.driver.test.TestCases.testCar1(TestCases.java:33)
]]></error>
  </testcase>
  <testcase name="testCar2" classname="com.driver.test.TestCases" time="0.003">
    <error message="&apos;void com.driver.Car.&lt;init&gt;(java.lang.String, int, int, int, boolean, java.lang.String)&apos;" type="java.lang.NoSuchMethodError"><![CDATA[java.lang.NoSuchMethodError: 'void com.driver.Car.<init>(java.lang.String, int, int, int, boolean, java.lang.String)'
	at com.driver.test.TestCases.testCar2(TestCases.java:52)
]]></error>
  </testcase>
  <testcase name="testVehicle" classname="com.driver.test.TestCases" time="0.002"/>
</testsuite>